<?xml version="1.0" encoding="UTF-8"?>
<testsuites>
	<testsuite tests="1" errors="0" failures="0" time="0.001" timestamp="2016-02-12T13:21:05">
		<testcase classname="Cat constructor" name="should create a new cat with three properties" time="0.001">
		</testcase>
	</testsuite>
</testsuites>

