<?xml version="1.0" encoding="UTF-8"?>
<testsuites>
	<testsuite tests="1" errors="0" failures="0" time="0" timestamp="2016-02-12T13:21:05">
		<testcase classname="Fish constructor" name="should create a new fish with three properties" time="0">
		</testcase>
	</testsuite>
</testsuites>

