<?xml version="1.0" encoding="UTF-8"?>
<testsuites>
	<testsuite tests="1" errors="0" failures="0" time="0.007" timestamp="2016-02-12T13:21:05">
		<testcase classname="Dog constructor" name="should create a new dog with three properties" time="0.004">
		</testcase>
	</testsuite>
</testsuites>

